<?xml version="1.0" encoding="UTF-8"?>
<!-- Generated by org.testng.reporters.JUnitXMLReporter -->
<testsuite hostname="LIN66003201" ignored="0" name="TestNG Assert Example1 Test" tests="4" failures="0" timestamp="10 Jun 2018 16:57:10 GMT" time="0.18" errors="0">
  <testcase name="FirstAndLast2CharsTheSameTest_BasicNegativeScenario_Test4" time="0.044" classname="basictestngtests.TestNGAssertExample1Test"/>
  <testcase name="FirstAndLast2CharsTheSameTest_BasicPositiveScenario_Test3" time="0.005" classname="basictestngtests.TestNGAssertExample1Test"/>
  <testcase name="TruncateInFirst2PositionsTest_StartingWithAA_Test2" time="0.006" classname="basictestngtests.TestNGAssertExample1Test"/>
  <testcase name="TruncateInFirst2PositionsTest_StartingWithNonAA_Test1" time="0.005" classname="basictestngtests.TestNGAssertExample1Test"/>
</testsuite> <!-- TestNG Assert Example1 Test -->
